build/app/intermediates/manifest_merge_blame_file/debug/manifest-merger-blame-debug-report.txt
1<?xml version="1.0" encoding="utf-8"?>
2<manifest xmlns:android="http://schemas.android.com/apk/res/android"
3    package="com.example.e_learning"
4    android:versionCode="1"
5    android:versionName="1.0.0" >
6
7    <uses-sdk
8        android:minSdkVersion="21"
9        android:targetSdkVersion="30" />
10    <!--
11         Flutter needs it to communicate with the running application
12         to allow setting breakpoints, to provide hot reload, etc.
13    -->
14    <uses-permission android:name="android.permission.INTERNET" />
14-->src\main\AndroidManifest.xml:3:5-67
14-->src\main\AndroidManifest.xml:3:22-64
15    <uses-permission android:name="android.permission.WAKE_LOCK" />
15-->[:firebase_messaging] AndroidManifest.xml:8:5-68
15-->[:firebase_messaging] AndroidManifest.xml:8:22-65
16    <uses-permission android:name="android.permission.ACCESS_NETWORK_STATE" /> <!-- Required by older versions of Google Play services to create IID tokens -->
16-->[:firebase_messaging] AndroidManifest.xml:9:5-79
16-->[:firebase_messaging] AndroidManifest.xml:9:22-76
17    <uses-permission android:name="com.google.android.c2dm.permission.RECEIVE" />
17-->[com.google.firebase:firebase-messaging:23.0.4] AndroidManifest.xml:28:5-82
17-->[com.google.firebase:firebase-messaging:23.0.4] AndroidManifest.xml:28:22-79
18
19    <application
20        android:name="android.app.Application"
21        android:appComponentFactory="androidx.core.app.CoreComponentFactory"
21-->[androidx.core:core:1.7.0] AndroidManifest.xml:24:18-86
22        android:debuggable="true"
23        android:icon="@mipmap/ic_launcher"
24        android:label="Sciolism"
25        android:usesCleartextTraffic="true" >
25-->[:cloud_functions] AndroidManifest.xml:9:9-44
26        <activity
27            android:name="com.example.e_learning.MainActivity"
28            android:configChanges="orientation|keyboardHidden|keyboard|screenSize|smallestScreenSize|locale|layoutDirection|fontScale|screenLayout|density|uiMode"
29            android:exported="true"
30            android:hardwareAccelerated="true"
31            android:launchMode="singleTop"
32            android:theme="@style/LaunchTheme"
33            android:windowSoftInputMode="adjustResize" >
34
35            <!--
36                 Specifies an Android theme to apply to this Activity as soon as
37                 the Android process has started. This theme is visible to the user
38                 while the Flutter UI initializes. After that, this theme continues
39                 to determine the Window background behind the Flutter UI.
40            -->
41            <meta-data
42                android:name="io.flutter.embedding.android.NormalTheme"
43                android:resource="@style/NormalTheme" />
44
45            <intent-filter>
46                <action android:name="android.intent.action.MAIN" />
47
48                <category android:name="android.intent.category.LAUNCHER" />
49            </intent-filter>
50        </activity>
51        <!--
52             Don't delete the meta-data below.
53             This is used by the Flutter tool to generate GeneratedPluginRegistrant.java
54        -->
55        <meta-data
56            android:name="flutterEmbedding"
57            android:value="2" />
58
59        <service
59-->[:firebase_database] AndroidManifest.xml:8:9-12:19
60            android:name="com.google.firebase.components.ComponentDiscoveryService"
60-->[:firebase_database] AndroidManifest.xml:8:18-89
61            android:directBootAware="true"
61-->[com.google.firebase:firebase-common:20.1.1] AndroidManifest.xml:35:13-43
62            android:exported="false" >
62-->[com.google.firebase:firebase-messaging:23.0.4] AndroidManifest.xml:54:13-37
63            <meta-data
63-->[:firebase_database] AndroidManifest.xml:9:13-11:85
64                android:name="com.google.firebase.components:io.flutter.plugins.firebase.database.FlutterFirebaseAppRegistrar"
64-->[:firebase_database] AndroidManifest.xml:10:17-127
65                android:value="com.google.firebase.components.ComponentRegistrar" />
65-->[:firebase_database] AndroidManifest.xml:11:17-82
66            <meta-data
66-->[:cloud_firestore] AndroidManifest.xml:9:13-11:85
67                android:name="com.google.firebase.components:io.flutter.plugins.firebase.firestore.FlutterFirebaseFirestoreRegistrar"
67-->[:cloud_firestore] AndroidManifest.xml:10:17-134
68                android:value="com.google.firebase.components.ComponentRegistrar" />
68-->[:cloud_firestore] AndroidManifest.xml:11:17-82
69            <meta-data
69-->[:cloud_functions] AndroidManifest.xml:12:13-14:85
70                android:name="com.google.firebase.components:io.flutter.plugins.firebase.functions.FlutterFirebaseAppRegistrar"
70-->[:cloud_functions] AndroidManifest.xml:13:17-128
71                android:value="com.google.firebase.components.ComponentRegistrar" />
71-->[:cloud_functions] AndroidManifest.xml:14:17-82
72            <meta-data
72-->[:firebase_auth] AndroidManifest.xml:9:13-11:85
73                android:name="com.google.firebase.components:io.flutter.plugins.firebase.auth.FlutterFirebaseAuthRegistrar"
73-->[:firebase_auth] AndroidManifest.xml:10:17-124
74                android:value="com.google.firebase.components.ComponentRegistrar" />
74-->[:firebase_auth] AndroidManifest.xml:11:17-82
75            <meta-data
75-->[:firebase_storage] AndroidManifest.xml:9:13-11:85
76                android:name="com.google.firebase.components:io.flutter.plugins.firebase.storage.FlutterFirebaseAppRegistrar"
76-->[:firebase_storage] AndroidManifest.xml:10:17-126
77                android:value="com.google.firebase.components.ComponentRegistrar" />
77-->[:firebase_storage] AndroidManifest.xml:11:17-82
78            <meta-data
78-->[:firebase_messaging] AndroidManifest.xml:34:13-36:85
79                android:name="com.google.firebase.components:io.flutter.plugins.firebase.messaging.FlutterFirebaseAppRegistrar"
79-->[:firebase_messaging] AndroidManifest.xml:35:17-128
80                android:value="com.google.firebase.components.ComponentRegistrar" />
80-->[:firebase_messaging] AndroidManifest.xml:36:17-82
81            <meta-data
81-->[:firebase_core] AndroidManifest.xml:9:13-11:85
82                android:name="com.google.firebase.components:io.flutter.plugins.firebase.core.FlutterFirebaseCoreRegistrar"
82-->[:firebase_core] AndroidManifest.xml:10:17-124
83                android:value="com.google.firebase.components.ComponentRegistrar" />
83-->[:firebase_core] AndroidManifest.xml:11:17-82
84            <meta-data
84-->[com.google.firebase:firebase-messaging:23.0.4] AndroidManifest.xml:55:13-57:85
85                android:name="com.google.firebase.components:com.google.firebase.messaging.FirebaseMessagingRegistrar"
85-->[com.google.firebase:firebase-messaging:23.0.4] AndroidManifest.xml:56:17-119
86                android:value="com.google.firebase.components.ComponentRegistrar" />
86-->[com.google.firebase:firebase-messaging:23.0.4] AndroidManifest.xml:57:17-82
87            <meta-data
87-->[com.google.firebase:firebase-datatransport:18.1.3] AndroidManifest.xml:28:13-30:85
88                android:name="com.google.firebase.components:com.google.firebase.datatransport.TransportRegistrar"
88-->[com.google.firebase:firebase-datatransport:18.1.3] AndroidManifest.xml:29:17-115
89                android:value="com.google.firebase.components.ComponentRegistrar" />
89-->[com.google.firebase:firebase-datatransport:18.1.3] AndroidManifest.xml:30:17-82
90            <meta-data
90-->[com.google.firebase:firebase-functions:20.1.0] AndroidManifest.xml:18:13-20:85
91                android:name="com.google.firebase.components:com.google.firebase.functions.FunctionsRegistrar"
91-->[com.google.firebase:firebase-functions:20.1.0] AndroidManifest.xml:19:17-111
92                android:value="com.google.firebase.components.ComponentRegistrar" />
92-->[com.google.firebase:firebase-functions:20.1.0] AndroidManifest.xml:20:17-82
93            <meta-data
93-->[com.google.firebase:firebase-auth:21.0.3] AndroidManifest.xml:67:13-69:85
94                android:name="com.google.firebase.components:com.google.firebase.auth.FirebaseAuthRegistrar"
94-->[com.google.firebase:firebase-auth:21.0.3] AndroidManifest.xml:68:17-109
95                android:value="com.google.firebase.components.ComponentRegistrar" />
95-->[com.google.firebase:firebase-auth:21.0.3] AndroidManifest.xml:69:17-82
96            <meta-data
96-->[com.google.firebase:firebase-iid:21.1.0] AndroidManifest.xml:32:13-34:85
97                android:name="com.google.firebase.components:com.google.firebase.iid.Registrar"
97-->[com.google.firebase:firebase-iid:21.1.0] AndroidManifest.xml:33:17-96
98                android:value="com.google.firebase.components.ComponentRegistrar" />
98-->[com.google.firebase:firebase-iid:21.1.0] AndroidManifest.xml:34:17-82
99            <meta-data
99-->[com.google.firebase:firebase-firestore:24.1.2] AndroidManifest.xml:20:13-22:85
100                android:name="com.google.firebase.components:com.google.firebase.firestore.FirestoreRegistrar"
100-->[com.google.firebase:firebase-firestore:24.1.2] AndroidManifest.xml:21:17-111
101                android:value="com.google.firebase.components.ComponentRegistrar" />
101-->[com.google.firebase:firebase-firestore:24.1.2] AndroidManifest.xml:22:17-82
102            <meta-data
102-->[com.google.firebase:firebase-storage:20.0.1] AndroidManifest.xml:33:13-35:85
103                android:name="com.google.firebase.components:com.google.firebase.storage.StorageRegistrar"
103-->[com.google.firebase:firebase-storage:20.0.1] AndroidManifest.xml:34:17-107
104                android:value="com.google.firebase.components.ComponentRegistrar" />
104-->[com.google.firebase:firebase-storage:20.0.1] AndroidManifest.xml:35:17-82
105            <meta-data
105-->[com.google.firebase:firebase-database:20.0.5] AndroidManifest.xml:32:13-34:85
106                android:name="com.google.firebase.components:com.google.firebase.database.DatabaseRegistrar"
106-->[com.google.firebase:firebase-database:20.0.5] AndroidManifest.xml:33:17-109
107                android:value="com.google.firebase.components.ComponentRegistrar" />
107-->[com.google.firebase:firebase-database:20.0.5] AndroidManifest.xml:34:17-82
108            <meta-data
108-->[com.google.firebase:firebase-installations:17.0.1] AndroidManifest.xml:18:13-20:85
109                android:name="com.google.firebase.components:com.google.firebase.installations.FirebaseInstallationsRegistrar"
109-->[com.google.firebase:firebase-installations:17.0.1] AndroidManifest.xml:19:17-127
110                android:value="com.google.firebase.components.ComponentRegistrar" />
110-->[com.google.firebase:firebase-installations:17.0.1] AndroidManifest.xml:20:17-82
111        </service>
112        <service
112-->[:firebase_messaging] AndroidManifest.xml:12:9-15:72
113            android:name="io.flutter.plugins.firebase.messaging.FlutterFirebaseMessagingBackgroundService"
113-->[:firebase_messaging] AndroidManifest.xml:13:13-107
114            android:exported="false"
114-->[:firebase_messaging] AndroidManifest.xml:14:13-37
115            android:permission="android.permission.BIND_JOB_SERVICE" />
115-->[:firebase_messaging] AndroidManifest.xml:15:13-69
116        <service
116-->[:firebase_messaging] AndroidManifest.xml:16:9-22:19
117            android:name="io.flutter.plugins.firebase.messaging.FlutterFirebaseMessagingService"
117-->[:firebase_messaging] AndroidManifest.xml:17:13-97
118            android:exported="false" >
118-->[:firebase_messaging] AndroidManifest.xml:18:13-37
119            <intent-filter>
119-->[:firebase_messaging] AndroidManifest.xml:19:13-21:29
120                <action android:name="com.google.firebase.MESSAGING_EVENT" />
120-->[:firebase_messaging] AndroidManifest.xml:20:17-78
120-->[:firebase_messaging] AndroidManifest.xml:20:25-75
121            </intent-filter>
122        </service>
123
124        <receiver
124-->[:firebase_messaging] AndroidManifest.xml:24:9-31:20
125            android:name="io.flutter.plugins.firebase.messaging.FlutterFirebaseMessagingReceiver"
125-->[:firebase_messaging] AndroidManifest.xml:25:13-98
126            android:exported="true"
126-->[:firebase_messaging] AndroidManifest.xml:26:13-36
127            android:permission="com.google.android.c2dm.permission.SEND" >
127-->[:firebase_messaging] AndroidManifest.xml:27:13-73
128            <intent-filter>
128-->[:firebase_messaging] AndroidManifest.xml:28:13-30:29
129                <action android:name="com.google.android.c2dm.intent.RECEIVE" />
129-->[:firebase_messaging] AndroidManifest.xml:29:17-81
129-->[:firebase_messaging] AndroidManifest.xml:29:25-78
130            </intent-filter>
131        </receiver>
132
133        <provider
133-->[:firebase_messaging] AndroidManifest.xml:39:9-43:38
134            android:name="io.flutter.plugins.firebase.messaging.FlutterFirebaseMessagingInitProvider"
134-->[:firebase_messaging] AndroidManifest.xml:40:13-102
135            android:authorities="com.example.e_learning.flutterfirebasemessaginginitprovider"
135-->[:firebase_messaging] AndroidManifest.xml:41:13-88
136            android:exported="false"
136-->[:firebase_messaging] AndroidManifest.xml:42:13-37
137            android:initOrder="99" />
137-->[:firebase_messaging] AndroidManifest.xml:43:13-35
138
139        <uses-library
139-->[androidx.window:window:1.0.0-beta04] AndroidManifest.xml:25:9-27:40
140            android:name="androidx.window.extensions"
140-->[androidx.window:window:1.0.0-beta04] AndroidManifest.xml:26:13-54
141            android:required="false" />
141-->[androidx.window:window:1.0.0-beta04] AndroidManifest.xml:27:13-37
142        <uses-library
142-->[androidx.window:window:1.0.0-beta04] AndroidManifest.xml:28:9-30:40
143            android:name="androidx.window.sidecar"
143-->[androidx.window:window:1.0.0-beta04] AndroidManifest.xml:29:13-51
144            android:required="false" />
144-->[androidx.window:window:1.0.0-beta04] AndroidManifest.xml:30:13-37
145
146        <receiver
146-->[com.google.firebase:firebase-messaging:23.0.4] AndroidManifest.xml:31:9-38:20
147            android:name="com.google.firebase.iid.FirebaseInstanceIdReceiver"
147-->[com.google.firebase:firebase-messaging:23.0.4] AndroidManifest.xml:32:13-78
148            android:exported="true"
148-->[com.google.firebase:firebase-messaging:23.0.4] AndroidManifest.xml:33:13-36
149            android:permission="com.google.android.c2dm.permission.SEND" >
149-->[com.google.firebase:firebase-messaging:23.0.4] AndroidManifest.xml:34:13-73
150            <intent-filter>
150-->[:firebase_messaging] AndroidManifest.xml:28:13-30:29
151                <action android:name="com.google.android.c2dm.intent.RECEIVE" />
151-->[:firebase_messaging] AndroidManifest.xml:29:17-81
151-->[:firebase_messaging] AndroidManifest.xml:29:25-78
152            </intent-filter>
153        </receiver>
154        <!--
155             FirebaseMessagingService performs security checks at runtime,
156             but set to not exported to explicitly avoid allowing another app to call it.
157        -->
158        <service
158-->[com.google.firebase:firebase-messaging:23.0.4] AndroidManifest.xml:44:9-51:19
159            android:name="com.google.firebase.messaging.FirebaseMessagingService"
159-->[com.google.firebase:firebase-messaging:23.0.4] AndroidManifest.xml:45:13-82
160            android:directBootAware="true"
160-->[com.google.firebase:firebase-messaging:23.0.4] AndroidManifest.xml:46:13-43
161            android:exported="false" >
161-->[com.google.firebase:firebase-messaging:23.0.4] AndroidManifest.xml:47:13-37
162            <intent-filter android:priority="-500" >
162-->[:firebase_messaging] AndroidManifest.xml:19:13-21:29
163                <action android:name="com.google.firebase.MESSAGING_EVENT" />
163-->[:firebase_messaging] AndroidManifest.xml:20:17-78
163-->[:firebase_messaging] AndroidManifest.xml:20:25-75
164            </intent-filter>
165        </service>
166        <service
166-->[com.google.android.datatransport:transport-backend-cct:3.1.4] AndroidManifest.xml:29:9-35:19
167            android:name="com.google.android.datatransport.runtime.backends.TransportBackendDiscovery"
167-->[com.google.android.datatransport:transport-backend-cct:3.1.4] AndroidManifest.xml:30:13-103
168            android:exported="false" >
168-->[com.google.android.datatransport:transport-backend-cct:3.1.4] AndroidManifest.xml:31:13-37
169            <meta-data
169-->[com.google.android.datatransport:transport-backend-cct:3.1.4] AndroidManifest.xml:32:13-34:39
170                android:name="backend:com.google.android.datatransport.cct.CctBackendFactory"
170-->[com.google.android.datatransport:transport-backend-cct:3.1.4] AndroidManifest.xml:33:17-94
171                android:value="cct" />
171-->[com.google.android.datatransport:transport-backend-cct:3.1.4] AndroidManifest.xml:34:17-36
172        </service>
173        <service
173-->[com.google.android.datatransport:transport-runtime:3.1.4] AndroidManifest.xml:26:9-30:19
174            android:name="com.google.android.datatransport.runtime.scheduling.jobscheduling.JobInfoSchedulerService"
174-->[com.google.android.datatransport:transport-runtime:3.1.4] AndroidManifest.xml:27:13-117
175            android:exported="false"
175-->[com.google.android.datatransport:transport-runtime:3.1.4] AndroidManifest.xml:28:13-37
176            android:permission="android.permission.BIND_JOB_SERVICE" >
176-->[com.google.android.datatransport:transport-runtime:3.1.4] AndroidManifest.xml:29:13-69
177        </service>
178
179        <receiver
179-->[com.google.android.datatransport:transport-runtime:3.1.4] AndroidManifest.xml:32:9-34:40
180            android:name="com.google.android.datatransport.runtime.scheduling.jobscheduling.AlarmManagerSchedulerBroadcastReceiver"
180-->[com.google.android.datatransport:transport-runtime:3.1.4] AndroidManifest.xml:33:13-132
181            android:exported="false" />
181-->[com.google.android.datatransport:transport-runtime:3.1.4] AndroidManifest.xml:34:13-37
182
183        <activity
183-->[com.google.firebase:firebase-auth:21.0.3] AndroidManifest.xml:27:9-44:20
184            android:name="com.google.firebase.auth.internal.GenericIdpActivity"
184-->[com.google.firebase:firebase-auth:21.0.3] AndroidManifest.xml:28:13-80
185            android:excludeFromRecents="true"
185-->[com.google.firebase:firebase-auth:21.0.3] AndroidManifest.xml:29:13-46
186            android:exported="true"
186-->[com.google.firebase:firebase-auth:21.0.3] AndroidManifest.xml:30:13-36
187            android:launchMode="singleTask"
187-->[com.google.firebase:firebase-auth:21.0.3] AndroidManifest.xml:31:13-44
188            android:theme="@android:style/Theme.Translucent.NoTitleBar" >
188-->[com.google.firebase:firebase-auth:21.0.3] AndroidManifest.xml:32:13-72
189            <intent-filter>
189-->[com.google.firebase:firebase-auth:21.0.3] AndroidManifest.xml:33:13-43:29
190                <action android:name="android.intent.action.VIEW" />
190-->[com.google.firebase:firebase-auth:21.0.3] AndroidManifest.xml:34:17-69
190-->[com.google.firebase:firebase-auth:21.0.3] AndroidManifest.xml:34:25-66
191
192                <category android:name="android.intent.category.DEFAULT" />
192-->[com.google.firebase:firebase-auth:21.0.3] AndroidManifest.xml:36:17-76
192-->[com.google.firebase:firebase-auth:21.0.3] AndroidManifest.xml:36:27-73
193                <category android:name="android.intent.category.BROWSABLE" />
193-->[com.google.firebase:firebase-auth:21.0.3] AndroidManifest.xml:37:17-78
193-->[com.google.firebase:firebase-auth:21.0.3] AndroidManifest.xml:37:27-75
194
195                <data
195-->[com.google.firebase:firebase-auth:21.0.3] AndroidManifest.xml:39:17-42:51
196                    android:host="firebase.auth"
196-->[com.google.firebase:firebase-auth:21.0.3] AndroidManifest.xml:40:21-49
197                    android:path="/"
197-->[com.google.firebase:firebase-auth:21.0.3] AndroidManifest.xml:41:21-37
198                    android:scheme="genericidp" />
198-->[com.google.firebase:firebase-auth:21.0.3] AndroidManifest.xml:42:21-48
199            </intent-filter>
200        </activity>
201        <activity
201-->[com.google.firebase:firebase-auth:21.0.3] AndroidManifest.xml:45:9-62:20
202            android:name="com.google.firebase.auth.internal.RecaptchaActivity"
202-->[com.google.firebase:firebase-auth:21.0.3] AndroidManifest.xml:46:13-79
203            android:excludeFromRecents="true"
203-->[com.google.firebase:firebase-auth:21.0.3] AndroidManifest.xml:47:13-46
204            android:exported="true"
204-->[com.google.firebase:firebase-auth:21.0.3] AndroidManifest.xml:48:13-36
205            android:launchMode="singleTask"
205-->[com.google.firebase:firebase-auth:21.0.3] AndroidManifest.xml:49:13-44
206            android:theme="@android:style/Theme.Translucent.NoTitleBar" >
206-->[com.google.firebase:firebase-auth:21.0.3] AndroidManifest.xml:50:13-72
207            <intent-filter>
207-->[com.google.firebase:firebase-auth:21.0.3] AndroidManifest.xml:51:13-61:29
208                <action android:name="android.intent.action.VIEW" />
208-->[com.google.firebase:firebase-auth:21.0.3] AndroidManifest.xml:34:17-69
208-->[com.google.firebase:firebase-auth:21.0.3] AndroidManifest.xml:34:25-66
209
210                <category android:name="android.intent.category.DEFAULT" />
210-->[com.google.firebase:firebase-auth:21.0.3] AndroidManifest.xml:36:17-76
210-->[com.google.firebase:firebase-auth:21.0.3] AndroidManifest.xml:36:27-73
211                <category android:name="android.intent.category.BROWSABLE" />
211-->[com.google.firebase:firebase-auth:21.0.3] AndroidManifest.xml:37:17-78
211-->[com.google.firebase:firebase-auth:21.0.3] AndroidManifest.xml:37:27-75
212
213                <data
213-->[com.google.firebase:firebase-auth:21.0.3] AndroidManifest.xml:39:17-42:51
214                    android:host="firebase.auth"
214-->[com.google.firebase:firebase-auth:21.0.3] AndroidManifest.xml:40:21-49
215                    android:path="/"
215-->[com.google.firebase:firebase-auth:21.0.3] AndroidManifest.xml:41:21-37
216                    android:scheme="recaptcha" />
216-->[com.google.firebase:firebase-auth:21.0.3] AndroidManifest.xml:42:21-48
217            </intent-filter>
218        </activity>
219
220        <provider
220-->[com.google.firebase:firebase-common:20.1.1] AndroidManifest.xml:26:9-31:39
221            android:name="com.google.firebase.provider.FirebaseInitProvider"
221-->[com.google.firebase:firebase-common:20.1.1] AndroidManifest.xml:27:13-77
222            android:authorities="com.example.e_learning.firebaseinitprovider"
222-->[com.google.firebase:firebase-common:20.1.1] AndroidManifest.xml:28:13-72
223            android:directBootAware="true"
223-->[com.google.firebase:firebase-common:20.1.1] AndroidManifest.xml:29:13-43
224            android:exported="false"
224-->[com.google.firebase:firebase-common:20.1.1] AndroidManifest.xml:30:13-37
225            android:initOrder="100" />
225-->[com.google.firebase:firebase-common:20.1.1] AndroidManifest.xml:31:13-36
226
227        <activity
227-->[com.google.android.gms:play-services-base:18.0.1] AndroidManifest.xml:20:9-22:45
228            android:name="com.google.android.gms.common.api.GoogleApiActivity"
228-->[com.google.android.gms:play-services-base:18.0.1] AndroidManifest.xml:20:19-85
229            android:exported="false"
229-->[com.google.android.gms:play-services-base:18.0.1] AndroidManifest.xml:22:19-43
230            android:theme="@android:style/Theme.Translucent.NoTitleBar" />
230-->[com.google.android.gms:play-services-base:18.0.1] AndroidManifest.xml:21:19-78
231
232        <meta-data
232-->[com.google.android.gms:play-services-basement:18.0.0] AndroidManifest.xml:21:9-23:69
233            android:name="com.google.android.gms.version"
233-->[com.google.android.gms:play-services-basement:18.0.0] AndroidManifest.xml:22:13-58
234            android:value="@integer/google_play_services_version" />
234-->[com.google.android.gms:play-services-basement:18.0.0] AndroidManifest.xml:23:13-66
235    </application>
236
237</manifest>